<?xml version="1.0" encoding="UTF-8"?>
<!-- Generated by org.testng.reporters.JUnitReportReporter -->
<testsuite skipped="0" hostname="DESKTOP-V8VE9OU" name="testcases.ContactUsTest" tests="1" failures="0" timestamp="19 Dec 2020 17:33:37 GMT" time="9.173" errors="0">
  <testcase name="contactUs" time="9.173" classname="testcases.ContactUsTest"/>
</testsuite> <!-- testcases.ContactUsTest -->
