<?xml version="1.0" encoding="UTF-8"?>
<!-- Generated by org.testng.reporters.JUnitReportReporter -->
<testsuite skipped="0" hostname="DESKTOP-V8VE9OU" name="testcases.TC004ProductReviewTest" tests="1" failures="0" timestamp="19 Dec 2020 17:24:30 GMT" time="7.594" errors="0">
  <testcase name="addProductReview" time="7.594" classname="testcases.TC004ProductReviewTest"/>
</testsuite> <!-- testcases.TC004ProductReviewTest -->
