<?xml version="1.0" encoding="UTF-8"?>
<!-- Generated by org.testng.reporters.JUnitReportReporter -->
<testsuite skipped="0" hostname="DESKTOP-V8VE9OU" name="testcases.TC002BuyProductTest" tests="1" failures="0" timestamp="19 Dec 2020 17:24:30 GMT" time="11.177" errors="0">
  <testcase name="buyProduct" time="11.177" classname="testcases.TC002BuyProductTest"/>
</testsuite> <!-- testcases.TC002BuyProductTest -->
