<?xml version="1.0" encoding="UTF-8"?>
<!-- Generated by org.testng.reporters.JUnitReportReporter -->
<testsuite skipped="0" hostname="DESKTOP-V8VE9OU" name="testcases.BuyingProductTest" tests="1" failures="0" timestamp="19 Dec 2020 17:33:38 GMT" time="10.606" errors="0">
  <testcase name="buyProduct" time="10.606" classname="testcases.BuyingProductTest"/>
</testsuite> <!-- testcases.BuyingProductTest -->
