<?xml version="1.0" encoding="UTF-8"?>
<!-- Generated by org.testng.reporters.JUnitReportReporter -->
<testsuite skipped="0" hostname="DESKTOP-V8VE9OU" name="testcases.WriteProductReviewTest" tests="1" failures="0" timestamp="22 Dec 2020 23:13:18 GMT" time="5.900" errors="0">
  <testcase name="addProductReview" time="5.900" classname="testcases.WriteProductReviewTest"/>
</testsuite> <!-- testcases.WriteProductReviewTest -->
