<?xml version="1.0" encoding="UTF-8"?>
<!-- Generated by org.testng.reporters.JUnitReportReporter -->
<testsuite skipped="0" hostname="DESKTOP-V8VE9OU" name="testcases.BuyingProductTest" tests="1" failures="0" timestamp="22 Dec 2020 23:13:18 GMT" time="9.682" errors="0">
  <testcase name="buyProduct" time="9.682" classname="testcases.BuyingProductTest"/>
</testsuite> <!-- testcases.BuyingProductTest -->
