<?xml version="1.0" encoding="UTF-8"?>
<!-- Generated by org.testng.reporters.JUnitReportReporter -->
<testsuite skipped="0" hostname="DESKTOP-V8VE9OU" name="testcases.WriteProductReviewTest" tests="1" failures="0" timestamp="19 Dec 2020 17:33:37 GMT" time="4.567" errors="0">
  <testcase name="addProductReview" time="4.567" classname="testcases.WriteProductReviewTest"/>
</testsuite> <!-- testcases.WriteProductReviewTest -->
