<?xml version="1.0" encoding="UTF-8"?>
<!-- Generated by org.testng.reporters.JUnitReportReporter -->
<testsuite skipped="0" hostname="DESKTOP-V8VE9OU" name="testcases.TC005ContactUsTest" tests="1" failures="0" timestamp="19 Dec 2020 17:24:30 GMT" time="9.184" errors="0">
  <testcase name="contactUs" time="9.184" classname="testcases.TC005ContactUsTest"/>
</testsuite> <!-- testcases.TC005ContactUsTest -->
