<?xml version="1.0" encoding="UTF-8"?>
<!-- Generated by org.testng.reporters.JUnitReportReporter -->
<testsuite skipped="0" hostname="DESKTOP-V8VE9OU" name="testcases.TC003UpdateAddressTest" tests="1" failures="0" timestamp="19 Dec 2020 17:24:30 GMT" time="6.131" errors="0">
  <testcase name="updateAddress" time="6.131" classname="testcases.TC003UpdateAddressTest"/>
</testsuite> <!-- testcases.TC003UpdateAddressTest -->
