<?xml version="1.0" encoding="UTF-8"?>
<!-- Generated by org.testng.reporters.JUnitReportReporter -->
<testsuite skipped="0" hostname="DESKTOP-V8VE9OU" name="testcases.TC002BuyingProductTest" tests="1" failures="0" timestamp="23 Dec 2020 03:39:09 GMT" time="9.071" errors="0">
  <testcase name="buyProduct" time="9.071" classname="testcases.TC002BuyingProductTest"/>
</testsuite> <!-- testcases.TC002BuyingProductTest -->
