<?xml version="1.0" encoding="UTF-8"?>
<!-- Generated by org.testng.reporters.JUnitReportReporter -->
<testsuite skipped="0" hostname="DESKTOP-V8VE9OU" name="testcases.ContactUsTest" tests="1" failures="0" timestamp="23 Dec 2020 03:25:17 GMT" time="9.366" errors="0">
  <testcase name="contactUs" time="9.366" classname="testcases.ContactUsTest"/>
</testsuite> <!-- testcases.ContactUsTest -->
