<?xml version="1.0" encoding="UTF-8"?>
<!-- Generated by org.testng.reporters.JUnitReportReporter -->
<testsuite skipped="0" hostname="DESKTOP-V8VE9OU" name="testcases.TC003UpdateAddressTest" tests="1" failures="0" timestamp="23 Dec 2020 03:39:09 GMT" time="5.077" errors="0">
  <testcase name="updateAddress" time="5.077" classname="testcases.TC003UpdateAddressTest"/>
</testsuite> <!-- testcases.TC003UpdateAddressTest -->
