<?xml version="1.0" encoding="UTF-8"?>
<!-- Generated by org.testng.reporters.JUnitReportReporter -->
<testsuite skipped="0" hostname="DESKTOP-V8VE9OU" name="testcases.TC004WriteProductReviewTest" tests="1" failures="0" timestamp="23 Dec 2020 03:39:09 GMT" time="4.688" errors="0">
  <testcase name="addProductReview" time="4.688" classname="testcases.TC004WriteProductReviewTest"/>
</testsuite> <!-- testcases.TC004WriteProductReviewTest -->
