<?xml version="1.0" encoding="UTF-8"?>
<!-- Generated by org.testng.reporters.JUnitReportReporter -->
<testsuite skipped="0" hostname="DESKTOP-V8VE9OU" name="testcases.TC005ContactUsTest" tests="1" failures="0" timestamp="23 Dec 2020 03:39:09 GMT" time="8.672" errors="0">
  <testcase name="contactUs" time="8.672" classname="testcases.TC005ContactUsTest"/>
</testsuite> <!-- testcases.TC005ContactUsTest -->
