<?xml version="1.0" encoding="UTF-8"?>
<!-- Generated by org.testng.reporters.JUnitReportReporter -->
<testsuite skipped="0" hostname="DESKTOP-V8VE9OU" name="testcases.BuyingProductTest" tests="1" failures="0" timestamp="23 Dec 2020 03:25:17 GMT" time="8.573" errors="0">
  <testcase name="buyProduct" time="8.573" classname="testcases.BuyingProductTest"/>
</testsuite> <!-- testcases.BuyingProductTest -->
